<?xml version="1.0" encoding="UTF-8"?>
<!-- Generated by org.testng.reporters.JUnitXMLReporter -->
<testsuite ignored="0" hostname="DESKTOP-JNAK68G" failures="0" tests="4" name="Test" time="230.545" errors="0" timestamp="2021-08-18T16:33:44 IST">
  <testcase classname="E2EProject.HomePage" name="basePageNavigation" time="34.692"/>
  <testcase classname="E2EProject.HomePage" name="basePageNavigation" time="12.681"/>
  <testcase classname="E2EProject.ValidatingNavBar" name="basePageNavigation" time="33.577"/>
  <testcase classname="E2EProject.validateTitle" name="basePageNavigation" time="0.473"/>
</testsuite> <!-- Test -->
