<?xml version="1.0" encoding="UTF-8"?>
<!-- Generated by org.testng.reporters.JUnitXMLReporter -->
<testsuite ignored="0" hostname="DESKTOP-JNAK68G" failures="1" tests="1" name="Validate Title" time="97.034" errors="0" timestamp="2021-08-22T17:17:29 IST">
  <testcase classname="E2EProject.validateTitle" name="validateTitle" time="1.411">
    <failure type="java.lang.AssertionError" message="expected [FEATURED COURSES23] but found [FEATURED COURSES]">
      <![CDATA[java.lang.AssertionError: expected [FEATURED COURSES23] but found [FEATURED COURSES]
at E2EProject.validateTitle.validateTitle(validateTitle.java:38)
at java.base/java.util.ArrayList.forEach(ArrayList.java:1511)
at java.base/java.util.concurrent.FutureTask.run(FutureTask.java:264)
at java.base/java.util.concurrent.ThreadPoolExecutor.runWorker(ThreadPoolExecutor.java:1130)
at java.base/java.util.concurrent.ThreadPoolExecutor$Worker.run(ThreadPoolExecutor.java:630)
at java.base/java.lang.Thread.run(Thread.java:832)
... Removed 24 stack frames]]>
    </failure>
  </testcase> <!-- validateTitle -->
</testsuite> <!-- Validate Title -->
