-------------------------------------------------------------------------------
Test set: TestSuite
-------------------------------------------------------------------------------
Tests run: 4, Failures: 1, Errors: 0, Skipped: 0, Time elapsed: 114.748 s <<< FAILURE! - in TestSuite
E2EProject.validateTitle.validateTitle  Time elapsed: 1.427 s  <<< FAILURE!
java.lang.AssertionError: expected [FEATURED COURSES23] but found [FEATURED COURSES]
	at E2EProject.validateTitle.validateTitle(validateTitle.java:38)

