<?xml version="1.0" encoding="UTF-8"?>
<testsuite xmlns:xsi="http://www.w3.org/2001/XMLSchema-instance" xsi:noNamespaceSchemaLocation="https://maven.apache.org/surefire/maven-surefire-plugin/xsd/surefire-test-report-3.0.xsd" version="3.0" name="TestSuite" time="114.748" tests="4" errors="0" skipped="0" failures="1">
  <properties>
[...]
</properties>
  <testcase name="validateNavBar" classname="E2EProject.ValidatingNavBar" time="1.112">
    <system-err><![CDATA[SSttaarrttiinngg  ChCrhormoemDerDirvievre r9 911..00..4447427.129. (11b9f 02(11fb24f8062761af0b2248ab637ee60a506b1d283aa5b93ee42e4c0253e6-r1edfs8/3bar5a9nec4h2-4hc23e-eraedfs/s4/b47r2an@c{h#-2h8e8}a) dson/4 p47or2t@ {#49281480}) 
oOnn ly plocal orcotn n382e0ct7io
Onns lya relocal connectio nasl laorwee da.ll
oPwleeda.se
 Psleeea shtet psse:e/ /htchtpros:me/d/rcihvroemer.chrdorimviuemr..cohrrg/osmeicuumr.oitryg-/csoencusirdietyra-tcoinsonisde rfoatri sonugs gfesotri sonusg goesn tkeeiponinsg  oChromne Drikeveerpi sngaf Cehr.om
eDriver safe.
ChromeDriver was started successfully.
ChromeDriver was started successfully.
Starting ChromeDriver 91.0.4472.19 (1bf021f248676a0b2ab3ee0561d83a59e424c23e-refs/branch-heads/4472@{#288}) on port 14617
Only local connections are allowed.
Please see https://chromedriver.chromium.org/security-considerations for suggestions on keeping ChromeDriver safe.
ChromeDriver was started successfully.
[1629632782.546][WARNING]: This version of ChromeDriver has not been tes[t1e62d9 with Ch6r3o2m7e8 2v.e5r4s9i][oWnA R9N2.IN
G]: This version of C[h1r6om29eD6r3iv2er7 h8as2 no.t 5b4e9e]n[ WtAeRsNtIeNdG ]w:i tThh Chriosm version eo fv erCsihonr 92o.
meDriver has not been tested with Chrome version 92.
Aug 22, 2021 5:16:23 PM org.openqa.selenium.remote.ProtocolHandshake createSession
INFO: Detected dialect: W3C
Aug 22, 2021 5:16:23 PM org.openqa.selenium.remote.ProtocolHandshake createSession
INFO: Detected dialect: W3C
Aug 22, 2021 5:16:23 PM org.openqa.selenium.remote.ProtocolHandshake createSession
INFO: Detected dialect: W3C
]]></system-err>
  </testcase>
  <testcase name="validateTitle" classname="E2EProject.validateTitle" time="1.427">
    <failure message="expected [FEATURED COURSES23] but found [FEATURED COURSES]" type="java.lang.AssertionError"><![CDATA[java.lang.AssertionError: expected [FEATURED COURSES23] but found [FEATURED COURSES]
	at E2EProject.validateTitle.validateTitle(validateTitle.java:38)
]]></failure>
  </testcase>
  <testcase name="basePageNavigation[unrestricteduser@gmail.com, 123456](1)" classname="E2EProject.HomePage" time="11.731"/>
  <testcase name="basePageNavigation[restricteduser@gmail.com, 123456](2)" classname="E2EProject.HomePage" time="6.307"/>
</testsuite>